Case #1: [E, A]
Case #2: [R, I, R]
Case #3: [F, D, T]
Case #4: [Z, E, R, A]
Case #5: []
Case #6: [S, D, H, H, S, Q, S, D]
Case #7: [R, S, A, Q, F, W, B, R, F]
Case #8: [Q]
Case #9: [D, E, A, F, D, E, A, R, S]
Case #10: [F, S, D]
Case #11: [D, S, F]
Case #12: [F, M, M, A, S, D, A, Q]
Case #13: [F, F, Q, E, B, D, E, B]
Case #14: []
Case #15: [O, E, F, D, S, F, W, D, D]
Case #16: [W, S, R, W, O, O, W, R]
Case #17: [F, F, Q, R, A, G, F, S, R]
Case #18: [D, R, P, P, S]
Case #19: [Z]
Case #20: [Q, W, I, R, R, F, I, S]
Case #21: [A, S, S, Z, R, R, D, R, W]
Case #22: [R, R, D, R, E, E, E, S, O]
Case #23: [F, W, U, R, S, S, E, D, W]
Case #24: [F, E, S, F, D, M, W, S, E]
Case #25: [P, R, R, W, S, E, D, Q, E]
Case #26: [Q, E, R, A, F, F, A, S]
Case #27: [Q, D, R, E]
Case #28: [F, E, D, S, F, A, L, W, S]
Case #29: [S, Q, V, S, Q, S, V, A]
Case #30: [Q, Q, S, Q, D, A, L, R, W]
Case #31: [R, D, R, W]
Case #32: [S]
Case #33: [F, R, E, E, S, R, A, Q, G]
Case #34: [V, R, D, R, F, Q, E, F, R]
Case #35: []
Case #36: [Q, E, F, D, Q, Q, S, J, F]
Case #37: [J]
Case #38: [S, L, S]
Case #39: [G]
Case #40: [E, E, D, A, Q, Z, S, A, R]
Case #41: [S, K, K, E, D, D, E, D]
Case #42: [S, S, I]
Case #43: [A, F, F, W, R]
Case #44: [A, D, F, A, P, W, W]
Case #45: [W, Q, A, A, B, W, S, E, A]
Case #46: [F]
Case #47: [W, B, E, Q, W, W, B, A]
Case #48: [E, D, W, Q, D, I, R, R, Q]
Case #49: [R, R, D, K, S, K, Q, F]
Case #50: [X, F, W, D, D, D, E, R, W]
Case #51: [F]
Case #52: [A, W, K, K, R, A, R, F]
Case #53: [D]
Case #54: [D, W, H, A, F, F, Q, D, W]
Case #55: [Q, Q, W, E, R, G, D, F, S]
Case #56: [D, R, E, S, A]
Case #57: [E, F]
Case #58: [F]
Case #59: [F, D, A, F, I, D, W, D, S]
Case #60: [Q, F, D, F, F, E, W, H, D]
Case #61: [F, S, D, R, W, F, R, J, D]
Case #62: [E, C, R, S, W, S, S, S, R]
Case #63: [A, F, S, Z, D]
Case #64: [A, W, A, R, E, N, E, S, S]
Case #65: [S, W, D, K, S, A, W, S, D]
Case #66: [O, D, Q, D, A, W, F, R, F]
Case #67: [R, F, F]
Case #68: [T, S, T, F]
Case #69: [Z, E]
Case #70: [F, U, A, Q, Q, S, E, D, D]
Case #71: [L, S, W, A, S, F, R, D, F]
Case #72: [R, F, W, A, K, F, W, F, F]
Case #73: [Q, D, D, R, F, Y, E, F, R]
Case #74: [A, A, A, A, A, A, A, A, A, A]
Case #75: [S, J, Q, D, A, A, Q, R, A]
Case #76: [S, S, S, D, W, R, S, O, D]
Case #77: [E, F, Q, Q, Q, U]
Case #78: [B, S]
Case #79: [S, Q, R, W, W, W, S, K, Q]
Case #80: [Q, Q]
Case #81: [V, E, A, E]
Case #82: [Q, Q, D, X]
Case #83: [P, E, F, D, S, D, Q, F, S]
Case #84: [E, D]
Case #85: [W, W, A, L, D]
Case #86: [A, S]
Case #87: []
Case #88: [A, F, R, R, Z, D, A, A, A]
Case #89: [R, S, E, S]
Case #90: [F, D, Q, E, A, E, W, D, C]
Case #91: [W]
Case #92: [N, D]
Case #93: [A, D, J, F, R, E, A, R, Q]
Case #94: [D, E, K, F, E, W]
Case #95: [F, G, G, S, S, D, D, S]
Case #96: [Z, Z, Z, Z, Z]
Case #97: [P, S, S, F, E, E, E, E, F]
Case #98: []
Case #99: []
Case #100: [Q, E, A, D, W, V, W, E, W]
